[Thu Sep 16 12:56:18.942809 2021] [mpm_winnt:notice] [pid 2916:tid 616] AH00455: Apache/2.4.46 (Win32) PHP/7.4.12 configured -- resuming normal operations
[Thu Sep 16 12:56:18.942809 2021] [mpm_winnt:notice] [pid 2916:tid 616] AH00456: Apache Lounge VS16 Server built: Oct  2 2020 10:45:47
[Thu Sep 16 12:56:18.942809 2021] [core:notice] [pid 2916:tid 616] AH00094: Command line: 'mapache.exe -d C:/Users/Clayton/Downloads/DokuWikiStick/server'
[Thu Sep 16 12:56:18.946808 2021] [mpm_winnt:notice] [pid 2916:tid 616] AH00418: Parent: Created child process 8540
[Thu Sep 16 12:56:19.807104 2021] [mpm_winnt:notice] [pid 8540:tid 672] AH00354: Child: Starting 24 worker threads.
[Thu Sep 16 12:56:20.917992 2021] [authz_core:error] [pid 8540:tid 864] [client 127.0.0.1:49829] AH01630: client denied by server configuration: C:/Users/Clayton/Downloads/DokuWikiStick/dokuwiki/data/dont-panic-if-you-see-this-in-your-logs-it-means-your-directory-permissions-are-correct.png, referer: http://localhost:8800/install.php
[Thu Sep 16 12:57:23.330380 2021] [authz_core:error] [pid 8540:tid 864] [client 127.0.0.1:55763] AH01630: client denied by server configuration: C:/Users/Clayton/Downloads/DokuWikiStick/dokuwiki/data/dont-panic-if-you-see-this-in-your-logs-it-means-your-directory-permissions-are-correct.png, referer: http://localhost:8800/install.php
[Tue Sep 21 11:28:12.065149 2021] [core:warn] [pid 9488:tid 572] AH00098: pid file C:/dokuwiki/server/logs/httpd.pid overwritten -- Unclean shutdown of previous Apache run?
[Tue Sep 21 11:28:12.459142 2021] [mpm_winnt:notice] [pid 9488:tid 572] AH00455: Apache/2.4.46 (Win32) PHP/7.4.12 configured -- resuming normal operations
[Tue Sep 21 11:28:12.459142 2021] [mpm_winnt:notice] [pid 9488:tid 572] AH00456: Apache Lounge VS16 Server built: Oct  2 2020 10:45:47
[Tue Sep 21 11:28:12.459142 2021] [core:notice] [pid 9488:tid 572] AH00094: Command line: 'mapache.exe -d C:/dokuwiki/server'
[Tue Sep 21 11:28:12.459142 2021] [mpm_winnt:notice] [pid 9488:tid 572] AH00418: Parent: Created child process 10860
[Tue Sep 21 11:28:13.746079 2021] [mpm_winnt:notice] [pid 10860:tid 4] AH00354: Child: Starting 24 worker threads.
[Tue Sep 21 15:57:49.073265 2021] [core:warn] [pid 656:tid 580] AH00098: pid file C:/dokuwiki/server/logs/httpd.pid overwritten -- Unclean shutdown of previous Apache run?
[Tue Sep 21 15:57:49.383435 2021] [mpm_winnt:notice] [pid 656:tid 580] AH00455: Apache/2.4.46 (Win32) PHP/7.4.12 configured -- resuming normal operations
[Tue Sep 21 15:57:49.383435 2021] [mpm_winnt:notice] [pid 656:tid 580] AH00456: Apache Lounge VS16 Server built: Oct  2 2020 10:45:47
[Tue Sep 21 15:57:49.383435 2021] [core:notice] [pid 656:tid 580] AH00094: Command line: 'mapache.exe -d C:/dokuwiki/server'
[Tue Sep 21 15:57:49.386452 2021] [mpm_winnt:notice] [pid 656:tid 580] AH00418: Parent: Created child process 4940
[Tue Sep 21 15:57:50.292153 2021] [mpm_winnt:notice] [pid 4940:tid 460] AH00354: Child: Starting 24 worker threads.
[Tue Sep 21 16:14:42.202010 2021] [authz_core:error] [pid 4940:tid 852] [client 127.0.0.1:54148] AH01630: client denied by server configuration: C:/dokuwiki/dokuwiki/data/dont-panic-if-you-see-this-in-your-logs-it-means-your-directory-permissions-are-correct.png, referer: http://localhost:8800/doku.php?id=tina4:api&do=admin
[Tue Sep 21 16:18:29.977924 2021] [core:warn] [pid 4444:tid 568] AH00098: pid file C:/dokuwiki/server/logs/httpd.pid overwritten -- Unclean shutdown of previous Apache run?
[Tue Sep 21 16:18:30.026933 2021] [mpm_winnt:notice] [pid 4444:tid 568] AH00455: Apache/2.4.46 (Win32) PHP/7.4.12 configured -- resuming normal operations
[Tue Sep 21 16:18:30.026933 2021] [mpm_winnt:notice] [pid 4444:tid 568] AH00456: Apache Lounge VS16 Server built: Oct  2 2020 10:45:47
[Tue Sep 21 16:18:30.026933 2021] [core:notice] [pid 4444:tid 568] AH00094: Command line: 'mapache.exe -d C:/dokuwiki/server'
[Tue Sep 21 16:18:30.030935 2021] [mpm_winnt:notice] [pid 4444:tid 568] AH00418: Parent: Created child process 9828
Apache server shutdown initiated...
pm_winnt:notice] [pid 9828:tid 692] AH00354: Child: Starting 24 worker threads.
[Tue Sep 21 16:19:16.994555 2021] [authz_core:error] [pid 9828:tid 860] [client 127.0.0.1:54249] AH01630: client denied by server configuration: C:/dokuwiki/dokuwiki/data/dont-panic-if-you-see-this-in-your-logs-it-means-your-directory-permissions-are-correct.png, referer: http://localhost:8800/doku.php?id=start&do=admin
[Tue Sep 21 23:15:59.744253 2021] [mpm_winnt:notice] [pid 4444:tid 568] AH00422: Parent: Received shutdown signal -- Shutting down the server.
[Tue Sep 21 23:16:01.764850 2021] [mpm_winnt:notice] [pid 9828:tid 692] AH00364: Child: All worker threads have exited.
[Wed Sep 22 18:50:17.083270 2021] [core:warn] [pid 8884:tid 552] AH00098: pid file C:/dokuwiki/server/logs/httpd.pid overwritten -- Unclean shutdown of previous Apache run?
[Wed Sep 22 18:50:17.469104 2021] [mpm_winnt:notice] [pid 8884:tid 552] AH00455: Apache/2.4.46 (Win32) PHP/7.4.12 configured -- resuming normal operations
[Wed Sep 22 18:50:17.469104 2021] [mpm_winnt:notice] [pid 8884:tid 552] AH00456: Apache Lounge VS16 Server built: Oct  2 2020 10:45:47
[Wed Sep 22 18:50:17.469104 2021] [core:notice] [pid 8884:tid 552] AH00094: Command line: 'mapache.exe -d C:/dokuwiki/server'
[Wed Sep 22 18:50:17.479180 2021] [mpm_winnt:notice] [pid 8884:tid 552] AH00418: Parent: Created child process 10048
Apache server shutdown initiated...
pm_winnt:notice] [pid 10048:tid 756] AH00354: Child: Starting 24 worker threads.
[Wed Sep 22 18:53:02.708992 2021] [authz_core:error] [pid 10048:tid 888] [client 127.0.0.1:60521] AH01630: client denied by server configuration: C:/dokuwiki/dokuwiki/data/dont-panic-if-you-see-this-in-your-logs-it-means-your-directory-permissions-are-correct.png, referer: http://localhost:8800/doku.php?id=first-steps&do=admin
[Wed Sep 22 18:53:03.023300 2021] [authz_core:error] [pid 10048:tid 556] [client 127.0.0.1:60520] AH01630: client denied by server configuration: C:/dokuwiki/dokuwiki/data/dont-panic-if-you-see-this-in-your-logs-it-means-your-directory-permissions-are-correct.png, referer: http://localhost:8800/doku.php?id=first-steps&do=admin
[Wed Sep 22 18:56:45.624953 2021] [authz_core:error] [pid 10048:tid 556] [client 127.0.0.1:60547] AH01630: client denied by server configuration: C:/dokuwiki/dokuwiki/data/dont-panic-if-you-see-this-in-your-logs-it-means-your-directory-permissions-are-correct.png, referer: http://localhost:8800/doku.php?id=first-steps&do=admin
[Wed Sep 22 18:56:45.711942 2021] [authz_core:error] [pid 10048:tid 556] [client 127.0.0.1:60547] AH01630: client denied by server configuration: C:/dokuwiki/dokuwiki/data/dont-panic-if-you-see-this-in-your-logs-it-means-your-directory-permissions-are-correct.png, referer: http://localhost:8800/doku.php?id=first-steps&do=admin
[Wed Sep 22 19:38:16.420909 2021] [authz_core:error] [pid 10048:tid 888] [client 127.0.0.1:50509] AH01630: client denied by server configuration: C:/dokuwiki/dokuwiki/data/dont-panic-if-you-see-this-in-your-logs-it-means-your-directory-permissions-are-correct.png, referer: http://localhost:8800/doku.php?id=start&do=admin
[Wed Sep 22 19:38:16.458675 2021] [authz_core:error] [pid 10048:tid 888] [client 127.0.0.1:50509] AH01630: client denied by server configuration: C:/dokuwiki/dokuwiki/data/dont-panic-if-you-see-this-in-your-logs-it-means-your-directory-permissions-are-correct.png, referer: http://localhost:8800/doku.php?id=start&do=admin
[Wed Sep 22 19:50:00.882217 2021] [authz_core:error] [pid 10048:tid 900] [client 127.0.0.1:63426] AH01630: client denied by server configuration: C:/dokuwiki/dokuwiki/data/dont-panic-if-you-see-this-in-your-logs-it-means-your-directory-permissions-are-correct.png, referer: http://localhost:8800/doku.php?id=first-steps&do=admin
[Wed Sep 22 20:01:08.253263 2021] [authz_core:error] [pid 10048:tid 900] [client 127.0.0.1:55578] AH01630: client denied by server configuration: C:/dokuwiki/dokuwiki/data/dont-panic-if-you-see-this-in-your-logs-it-means-your-directory-permissions-are-correct.png, referer: http://localhost:8800/doku.php?id=first-steps&do=admin
[Wed Sep 22 20:01:08.291030 2021] [authz_core:error] [pid 10048:tid 900] [client 127.0.0.1:55578] AH01630: client denied by server configuration: C:/dokuwiki/dokuwiki/data/dont-panic-if-you-see-this-in-your-logs-it-means-your-directory-permissions-are-correct.png, referer: http://localhost:8800/doku.php?id=first-steps&do=admin
[Wed Sep 22 20:03:23.659725 2021] [authz_core:error] [pid 10048:tid 900] [client 127.0.0.1:55587] AH01630: client denied by server configuration: C:/dokuwiki/dokuwiki/data/dont-panic-if-you-see-this-in-your-logs-it-means-your-directory-permissions-are-correct.png, referer: http://localhost:8800/doku.php?id=start&do=admin
[Wed Sep 22 20:03:23.697045 2021] [authz_core:error] [pid 10048:tid 900] [client 127.0.0.1:55587] AH01630: client denied by server configuration: C:/dokuwiki/dokuwiki/data/dont-panic-if-you-see-this-in-your-logs-it-means-your-directory-permissions-are-correct.png, referer: http://localhost:8800/doku.php?id=start&do=admin
[Wed Sep 22 20:05:09.284855 2021] [authz_core:error] [pid 10048:tid 888] [client 127.0.0.1:55605] AH01630: client denied by server configuration: C:/dokuwiki/dokuwiki/data/dont-panic-if-you-see-this-in-your-logs-it-means-your-directory-permissions-are-correct.png, referer: http://localhost:8800/doku.php?id=first-steps&do=admin
[Wed Sep 22 20:05:09.385125 2021] [authz_core:error] [pid 10048:tid 888] [client 127.0.0.1:55605] AH01630: client denied by server configuration: C:/dokuwiki/dokuwiki/data/dont-panic-if-you-see-this-in-your-logs-it-means-your-directory-permissions-are-correct.png, referer: http://localhost:8800/doku.php?id=first-steps&do=admin
[Wed Sep 22 20:06:42.849135 2021] [authz_core:error] [pid 10048:tid 896] [client 127.0.0.1:63839] AH01630: client denied by server configuration: C:/dokuwiki/dokuwiki/data/dont-panic-if-you-see-this-in-your-logs-it-means-your-directory-permissions-are-correct.png, referer: http://localhost:8800/doku.php?do=admin&page=webcomponent_pagerules
[Wed Sep 22 20:06:42.888001 2021] [authz_core:error] [pid 10048:tid 896] [client 127.0.0.1:63839] AH01630: client denied by server configuration: C:/dokuwiki/dokuwiki/data/dont-panic-if-you-see-this-in-your-logs-it-means-your-directory-permissions-are-correct.png, referer: http://localhost:8800/doku.php?do=admin&page=webcomponent_pagerules
[Wed Sep 22 20:44:52.239767 2021] [mpm_winnt:notice] [pid 8884:tid 552] AH00422: Parent: Received shutdown signal -- Shutting down the server.
[Wed Sep 22 20:44:54.249857 2021] [mpm_winnt:notice] [pid 10048:tid 756] AH00364: Child: All worker threads have exited.
[Wed Sep 22 20:44:54.281407 2021] [mpm_winnt:notice] [pid 8884:tid 552] AH00430: Parent: Child process 10048 exited successfully.
[Thu Sep 23 15:00:49.461601 2021] [mpm_winnt:notice] [pid 1728:tid 624] AH00455: Apache/2.4.46 (Win32) PHP/7.4.12 configured -- resuming normal operations
[Thu Sep 23 15:00:49.461601 2021] [mpm_winnt:notice] [pid 1728:tid 624] AH00456: Apache Lounge VS16 Server built: Oct  2 2020 10:45:47
[Thu Sep 23 15:00:49.461601 2021] [core:notice] [pid 1728:tid 624] AH00094: Command line: 'mapache.exe -d C:/dokuwiki/server'
[Thu Sep 23 15:00:49.471721 2021] [mpm_winnt:notice] [pid 1728:tid 624] AH00418: Parent: Created child process 8228
Apache server shutdown initiated...
pm_winnt:notice] [pid 8228:tid 684] AH00354: Child: Starting 24 worker threads.
[Thu Sep 23 23:19:54.193396 2021] [authz_core:error] [pid 8228:tid 864] [client 127.0.0.1:65158] AH01630: client denied by server configuration: C:/dokuwiki/dokuwiki/data/dont-panic-if-you-see-this-in-your-logs-it-means-your-directory-permissions-are-correct.png, referer: http://localhost:8800/doku.php?id=tina4:down-the-rabbit-hole&do=admin
[Thu Sep 23 23:25:38.865104 2021] [mpm_winnt:notice] [pid 1728:tid 624] AH00422: Parent: Received shutdown signal -- Shutting down the server.
[Thu Sep 23 23:25:40.885021 2021] [mpm_winnt:notice] [pid 8228:tid 684] AH00364: Child: All worker threads have exited.
[Thu Sep 23 23:28:31.214055 2021] [core:warn] [pid 12864:tid 580] AH00098: pid file C:/dokuwiki/server/logs/httpd.pid overwritten -- Unclean shutdown of previous Apache run?
[Thu Sep 23 23:28:32.833844 2021] [mpm_winnt:notice] [pid 12864:tid 580] AH00455: Apache/2.4.46 (Win32) PHP/7.4.12 configured -- resuming normal operations
[Thu Sep 23 23:28:32.833844 2021] [mpm_winnt:notice] [pid 12864:tid 580] AH00456: Apache Lounge VS16 Server built: Oct  2 2020 10:45:47
[Thu Sep 23 23:28:32.833844 2021] [core:notice] [pid 12864:tid 580] AH00094: Command line: 'mapache.exe -d C:/dokuwiki/server'
[Thu Sep 23 23:28:32.853853 2021] [mpm_winnt:notice] [pid 12864:tid 580] AH00418: Parent: Created child process 10656
Apache server shutdown initiated...
pm_winnt:notice] [pid 10656:tid 788] AH00354: Child: Starting 24 worker threads.
[Thu Sep 23 23:40:33.868787 2021] [mpm_winnt:notice] [pid 12864:tid 580] AH00422: Parent: Received shutdown signal -- Shutting down the server.
[Thu Sep 23 23:40:35.907746 2021] [mpm_winnt:notice] [pid 10656:tid 788] AH00364: Child: All worker threads have exited.
[Mon Sep 27 09:49:16.828636 2021] [core:warn] [pid 10764:tid 680] AH00098: pid file C:/dokuwiki/server/logs/httpd.pid overwritten -- Unclean shutdown of previous Apache run?
[Mon Sep 27 09:49:17.468881 2021] [mpm_winnt:notice] [pid 10764:tid 680] AH00455: Apache/2.4.46 (Win32) PHP/7.4.12 configured -- resuming normal operations
[Mon Sep 27 09:49:17.468881 2021] [mpm_winnt:notice] [pid 10764:tid 680] AH00456: Apache Lounge VS16 Server built: Oct  2 2020 10:45:47
[Mon Sep 27 09:49:17.468881 2021] [core:notice] [pid 10764:tid 680] AH00094: Command line: 'mapache.exe -d C:/dokuwiki/server'
[Mon Sep 27 09:49:17.468881 2021] [mpm_winnt:notice] [pid 10764:tid 680] AH00418: Parent: Created child process 2828
Apache server shutdown initiated...
pm_winnt:notice] [pid 2828:tid 536] AH00354: Child: Starting 24 worker threads.
[Mon Sep 27 21:43:43.466891 2021] [mpm_winnt:notice] [pid 10764:tid 680] AH00422: Parent: Received shutdown signal -- Shutting down the server.
[Mon Sep 27 21:43:45.499551 2021] [mpm_winnt:notice] [pid 2828:tid 536] AH00364: Child: All worker threads have exited.
[Mon Sep 27 21:43:45.599844 2021] [mpm_winnt:notice] [pid 10764:tid 680] AH00430: Parent: Child process 2828 exited successfully.
[Tue Sep 28 12:30:47.290240 2021] [mpm_winnt:notice] [pid 11392:tid 676] AH00455: Apache/2.4.46 (Win32) PHP/7.4.12 configured -- resuming normal operations
[Tue Sep 28 12:30:47.290240 2021] [mpm_winnt:notice] [pid 11392:tid 676] AH00456: Apache Lounge VS16 Server built: Oct  2 2020 10:45:47
[Tue Sep 28 12:30:47.290240 2021] [core:notice] [pid 11392:tid 676] AH00094: Command line: 'mapache.exe -d C:/dokuwiki/server'
[Tue Sep 28 12:30:47.305865 2021] [mpm_winnt:notice] [pid 11392:tid 676] AH00418: Parent: Created child process 7012
Apache server shutdown initiated...
pm_winnt:notice] [pid 7012:tid 712] AH00354: Child: Starting 24 worker threads.
[Tue Sep 28 21:14:23.797145 2021] [mpm_winnt:notice] [pid 11392:tid 676] AH00422: Parent: Received shutdown signal -- Shutting down the server.
[Tue Sep 28 21:14:25.827395 2021] [mpm_winnt:notice] [pid 7012:tid 712] AH00364: Child: All worker threads have exited.
[Tue Sep 28 21:15:11.224457 2021] [core:warn] [pid 5620:tid 564] AH00098: pid file C:/dokuwiki/server/logs/httpd.pid overwritten -- Unclean shutdown of previous Apache run?
[Tue Sep 28 21:15:11.347844 2021] [mpm_winnt:notice] [pid 5620:tid 564] AH00455: Apache/2.4.46 (Win32) PHP/7.4.12 configured -- resuming normal operations
[Tue Sep 28 21:15:11.347844 2021] [mpm_winnt:notice] [pid 5620:tid 564] AH00456: Apache Lounge VS16 Server built: Oct  2 2020 10:45:47
[Tue Sep 28 21:15:11.347844 2021] [core:notice] [pid 5620:tid 564] AH00094: Command line: 'mapache.exe -d C:/dokuwiki/server'
[Tue Sep 28 21:15:11.362928 2021] [mpm_winnt:notice] [pid 5620:tid 564] AH00418: Parent: Created child process 12096
[Tue Sep 28 21:15:14.167665 2021] [mpm_winnt:notice] [pid 12096:tid 684] AH00354: Child: Starting 24 worker threads.
[Wed Sep 29 08:04:09.721202 2021] [core:warn] [pid 3296:tid 612] AH00098: pid file C:/dokuwiki/server/logs/httpd.pid overwritten -- Unclean shutdown of previous Apache run?
[Wed Sep 29 08:04:10.044138 2021] [mpm_winnt:notice] [pid 3296:tid 612] AH00455: Apache/2.4.46 (Win32) PHP/7.4.12 configured -- resuming normal operations
[Wed Sep 29 08:04:10.044138 2021] [mpm_winnt:notice] [pid 3296:tid 612] AH00456: Apache Lounge VS16 Server built: Oct  2 2020 10:45:47
[Wed Sep 29 08:04:10.044138 2021] [core:notice] [pid 3296:tid 612] AH00094: Command line: 'mapache.exe -d C:/dokuwiki/server'
[Wed Sep 29 08:04:10.044138 2021] [mpm_winnt:notice] [pid 3296:tid 612] AH00418: Parent: Created child process 7680
[Wed Sep 29 08:04:10.876593 2021] [mpm_winnt:notice] [pid 7680:tid 536] AH00354: Child: Starting 24 worker threads.
[Wed Sep 29 10:09:01.915968 2021] [core:warn] [pid 2396:tid 548] AH00098: pid file C:/dokuwiki/server/logs/httpd.pid overwritten -- Unclean shutdown of previous Apache run?
[Wed Sep 29 10:09:01.963981 2021] [mpm_winnt:notice] [pid 2396:tid 548] AH00455: Apache/2.4.46 (Win32) PHP/7.4.12 configured -- resuming normal operations
[Wed Sep 29 10:09:01.963981 2021] [mpm_winnt:notice] [pid 2396:tid 548] AH00456: Apache Lounge VS16 Server built: Oct  2 2020 10:45:47
[Wed Sep 29 10:09:01.963981 2021] [core:notice] [pid 2396:tid 548] AH00094: Command line: 'mapache.exe -d C:/dokuwiki/server'
[Wed Sep 29 10:09:01.963981 2021] [mpm_winnt:notice] [pid 2396:tid 548] AH00418: Parent: Created child process 3100
[Wed Sep 29 10:09:02.804816 2021] [mpm_winnt:notice] [pid 3100:tid 676] AH00354: Child: Starting 24 worker threads.
[Wed Sep 29 10:56:55.349052 2021] [core:warn] [pid 8768:tid 616] AH00098: pid file C:/dokuwiki/server/logs/httpd.pid overwritten -- Unclean shutdown of previous Apache run?
[Wed Sep 29 10:56:55.393674 2021] [mpm_winnt:notice] [pid 8768:tid 616] AH00455: Apache/2.4.46 (Win32) PHP/7.4.12 configured -- resuming normal operations
[Wed Sep 29 10:56:55.393674 2021] [mpm_winnt:notice] [pid 8768:tid 616] AH00456: Apache Lounge VS16 Server built: Oct  2 2020 10:45:47
[Wed Sep 29 10:56:55.393674 2021] [core:notice] [pid 8768:tid 616] AH00094: Command line: 'mapache.exe -d C:/dokuwiki/server'
[Wed Sep 29 10:56:55.396676 2021] [mpm_winnt:notice] [pid 8768:tid 616] AH00418: Parent: Created child process 10160
[Wed Sep 29 10:56:56.272751 2021] [mpm_winnt:notice] [pid 10160:tid 620] AH00354: Child: Starting 24 worker threads.
[Fri Oct 01 14:09:51.513300 2021] [core:warn] [pid 11652:tid 716] AH00098: pid file C:/dokuwiki/server/logs/httpd.pid overwritten -- Unclean shutdown of previous Apache run?
[Fri Oct 01 14:09:52.261301 2021] [mpm_winnt:notice] [pid 11652:tid 716] AH00455: Apache/2.4.46 (Win32) PHP/7.4.12 configured -- resuming normal operations
[Fri Oct 01 14:09:52.261301 2021] [mpm_winnt:notice] [pid 11652:tid 716] AH00456: Apache Lounge VS16 Server built: Oct  2 2020 10:45:47
[Fri Oct 01 14:09:52.261301 2021] [core:notice] [pid 11652:tid 716] AH00094: Command line: 'mapache.exe -d C:/dokuwiki/server'
[Fri Oct 01 14:09:52.265301 2021] [mpm_winnt:notice] [pid 11652:tid 716] AH00418: Parent: Created child process 6956
[Fri Oct 01 14:09:54.717298 2021] [mpm_winnt:notice] [pid 6956:tid 816] AH00354: Child: Starting 24 worker threads.
[Fri Oct 01 17:18:15.804784 2021] [core:warn] [pid 8712:tid 700] AH00098: pid file C:/dokuwiki/server/logs/httpd.pid overwritten -- Unclean shutdown of previous Apache run?
[Fri Oct 01 17:18:17.951551 2021] [mpm_winnt:notice] [pid 8712:tid 700] AH00455: Apache/2.4.46 (Win32) PHP/7.4.12 configured -- resuming normal operations
[Fri Oct 01 17:18:17.951551 2021] [mpm_winnt:notice] [pid 8712:tid 700] AH00456: Apache Lounge VS16 Server built: Oct  2 2020 10:45:47
[Fri Oct 01 17:18:17.951551 2021] [core:notice] [pid 8712:tid 700] AH00094: Command line: 'mapache.exe -d C:/dokuwiki/server'
[Fri Oct 01 17:18:17.968816 2021] [mpm_winnt:notice] [pid 8712:tid 700] AH00418: Parent: Created child process 3864
Apache server shutdown initiated...
pm_winnt:notice] [pid 3864:tid 640] AH00354: Child: Starting 24 worker threads.
[Fri Oct 01 21:32:58.435807 2021] [mpm_winnt:notice] [pid 8712:tid 700] AH00422: Parent: Received shutdown signal -- Shutting down the server.
[Fri Oct 01 21:33:00.468674 2021] [mpm_winnt:notice] [pid 3864:tid 640] AH00364: Child: All worker threads have exited.
[Sat Oct 02 11:43:52.146742 2021] [core:warn] [pid 1420:tid 556] AH00098: pid file C:/dokuwiki/server/logs/httpd.pid overwritten -- Unclean shutdown of previous Apache run?
[Sat Oct 02 11:43:52.889549 2021] [mpm_winnt:notice] [pid 1420:tid 556] AH00455: Apache/2.4.46 (Win32) PHP/7.4.12 configured -- resuming normal operations
[Sat Oct 02 11:43:52.889549 2021] [mpm_winnt:notice] [pid 1420:tid 556] AH00456: Apache Lounge VS16 Server built: Oct  2 2020 10:45:47
[Sat Oct 02 11:43:52.889549 2021] [core:notice] [pid 1420:tid 556] AH00094: Command line: 'mapache.exe -d C:/dokuwiki/server'
[Sat Oct 02 11:43:52.893526 2021] [mpm_winnt:notice] [pid 1420:tid 556] AH00418: Parent: Created child process 2892
[Sat Oct 02 11:43:55.190664 2021] [mpm_winnt:notice] [pid 2892:tid 568] AH00354: Child: Starting 24 worker threads.
[Sat Oct 02 11:46:15.623988 2021] [authz_core:error] [pid 2892:tid 608] [client 127.0.0.1:56464] AH01630: client denied by server configuration: C:/dokuwiki/dokuwiki/data/dont-panic-if-you-see-this-in-your-logs-it-means-your-directory-permissions-are-correct.png, referer: http://localhost:8800/doku.php?id=start&do=admin
[Sun Oct 03 09:01:25.345712 2021] [core:warn] [pid 7432:tid 584] AH00098: pid file C:/dokuwiki/server/logs/httpd.pid overwritten -- Unclean shutdown of previous Apache run?
[Sun Oct 03 09:01:25.635713 2021] [mpm_winnt:notice] [pid 7432:tid 584] AH00455: Apache/2.4.46 (Win32) PHP/7.4.12 configured -- resuming normal operations
[Sun Oct 03 09:01:25.635713 2021] [mpm_winnt:notice] [pid 7432:tid 584] AH00456: Apache Lounge VS16 Server built: Oct  2 2020 10:45:47
[Sun Oct 03 09:01:25.635713 2021] [core:notice] [pid 7432:tid 584] AH00094: Command line: 'mapache.exe -d C:/dokuwiki/server'
[Sun Oct 03 09:01:25.642716 2021] [mpm_winnt:notice] [pid 7432:tid 584] AH00418: Parent: Created child process 9292
[Sun Oct 03 09:01:31.368752 2021] [mpm_winnt:notice] [pid 9292:tid 580] AH00354: Child: Starting 24 worker threads.
[Wed Oct 06 07:58:53.098698 2021] [core:warn] [pid 240:tid 732] AH00098: pid file C:/dokuwiki/server/logs/httpd.pid overwritten -- Unclean shutdown of previous Apache run?
[Wed Oct 06 07:58:54.240422 2021] [mpm_winnt:notice] [pid 240:tid 732] AH00455: Apache/2.4.46 (Win32) PHP/7.4.12 configured -- resuming normal operations
[Wed Oct 06 07:58:54.240422 2021] [mpm_winnt:notice] [pid 240:tid 732] AH00456: Apache Lounge VS16 Server built: Oct  2 2020 10:45:47
[Wed Oct 06 07:58:54.240422 2021] [core:notice] [pid 240:tid 732] AH00094: Command line: 'mapache.exe -d C:/dokuwiki/server'
[Wed Oct 06 07:58:54.262582 2021] [mpm_winnt:notice] [pid 240:tid 732] AH00418: Parent: Created child process 1772
Apache server shutdown initiated...
pm_winnt:notice] [pid 1772:tid 664] AH00354: Child: Starting 24 worker threads.
[Wed Oct 06 11:06:08.153824 2021] [mpm_winnt:notice] [pid 240:tid 732] AH00422: Parent: Received shutdown signal -- Shutting down the server.
[Wed Oct 06 11:06:10.576424 2021] [mpm_winnt:notice] [pid 1772:tid 664] AH00364: Child: All worker threads have exited.
[Tue Oct 12 11:29:10.466027 2021] [core:warn] [pid 7400:tid 556] AH00098: pid file C:/dokuwiki/server/logs/httpd.pid overwritten -- Unclean shutdown of previous Apache run?
[Tue Oct 12 11:29:13.359822 2021] [mpm_winnt:notice] [pid 7400:tid 556] AH00455: Apache/2.4.46 (Win32) PHP/7.4.12 configured -- resuming normal operations
[Tue Oct 12 11:29:13.359822 2021] [mpm_winnt:notice] [pid 7400:tid 556] AH00456: Apache Lounge VS16 Server built: Oct  2 2020 10:45:47
[Tue Oct 12 11:29:13.359822 2021] [core:notice] [pid 7400:tid 556] AH00094: Command line: 'mapache.exe -d C:/dokuwiki/server'
[Tue Oct 12 11:29:13.380822 2021] [mpm_winnt:notice] [pid 7400:tid 556] AH00418: Parent: Created child process 10516
Apache server shutdown initiated...
pm_winnt:notice] [pid 10516:tid 624] AH00354: Child: Starting 24 worker threads.
[Tue Oct 12 11:30:52.900861 2021] [mpm_winnt:notice] [pid 7400:tid 556] AH00422: Parent: Received shutdown signal -- Shutting down the server.
[Tue Oct 12 11:31:08.055001 2021] [mpm_winnt:notice] [pid 10516:tid 624] AH00364: Child: All worker threads have exited.
[Tue Oct 12 11:34:40.560720 2021] [core:warn] [pid 2560:tid 592] AH00098: pid file C:/dokuwiki/server/logs/httpd.pid overwritten -- Unclean shutdown of previous Apache run?
[Tue Oct 12 11:34:40.733264 2021] [mpm_winnt:notice] [pid 2560:tid 592] AH00455: Apache/2.4.46 (Win32) PHP/7.4.12 configured -- resuming normal operations
[Tue Oct 12 11:34:40.733264 2021] [mpm_winnt:notice] [pid 2560:tid 592] AH00456: Apache Lounge VS16 Server built: Oct  2 2020 10:45:47
[Tue Oct 12 11:34:40.733264 2021] [core:notice] [pid 2560:tid 592] AH00094: Command line: 'mapache.exe -d C:/dokuwiki/server'
[Tue Oct 12 11:34:40.754265 2021] [mpm_winnt:notice] [pid 2560:tid 592] AH00418: Parent: Created child process 2160
Apache server shutdown initiated...
pm_winnt:notice] [pid 2160:tid 664] AH00354: Child: Starting 24 worker threads.
[Tue Oct 12 22:10:51.738386 2021] [mpm_winnt:notice] [pid 2560:tid 592] AH00422: Parent: Received shutdown signal -- Shutting down the server.
[Tue Oct 12 22:10:53.755840 2021] [mpm_winnt:notice] [pid 2160:tid 664] AH00364: Child: All worker threads have exited.
[Tue Oct 12 22:10:55.905539 2021] [mpm_winnt:notice] [pid 2560:tid 592] AH00430: Parent: Child process 2160 exited successfully.
[Sun Oct 17 15:41:17.279276 2021] [mpm_winnt:notice] [pid 7548:tid 684] AH00455: Apache/2.4.46 (Win32) PHP/7.4.12 configured -- resuming normal operations
[Sun Oct 17 15:41:17.319881 2021] [mpm_winnt:notice] [pid 7548:tid 684] AH00456: Apache Lounge VS16 Server built: Oct  2 2020 10:45:47
[Sun Oct 17 15:41:17.319881 2021] [core:notice] [pid 7548:tid 684] AH00094: Command line: 'mapache.exe -d C:/dokuwiki/server'
[Sun Oct 17 15:41:17.330037 2021] [mpm_winnt:notice] [pid 7548:tid 684] AH00418: Parent: Created child process 6848
[Sun Oct 17 15:41:27.022811 2021] [mpm_winnt:notice] [pid 6848:tid 584] AH00354: Child: Starting 24 worker threads.
[Mon Oct 18 18:42:56.250785 2021] [core:warn] [pid 9168:tid 684] AH00098: pid file C:/dokuwiki/server/logs/httpd.pid overwritten -- Unclean shutdown of previous Apache run?
[Mon Oct 18 18:42:57.218783 2021] [mpm_winnt:notice] [pid 9168:tid 684] AH00455: Apache/2.4.46 (Win32) PHP/7.4.12 configured -- resuming normal operations
[Mon Oct 18 18:42:57.218783 2021] [mpm_winnt:notice] [pid 9168:tid 684] AH00456: Apache Lounge VS16 Server built: Oct  2 2020 10:45:47
[Mon Oct 18 18:42:57.218783 2021] [core:notice] [pid 9168:tid 684] AH00094: Command line: 'mapache.exe -d C:/dokuwiki/server'
[Mon Oct 18 18:42:57.226411 2021] [mpm_winnt:notice] [pid 9168:tid 684] AH00418: Parent: Created child process 10764
Apache server shutdown initiated...
pm_winnt:notice] [pid 10764:tid 740] AH00354: Child: Starting 24 worker threads.
[Mon Oct 18 20:54:56.204232 2021] [mpm_winnt:notice] [pid 9168:tid 684] AH00422: Parent: Received shutdown signal -- Shutting down the server.
[Mon Oct 18 20:54:58.282361 2021] [mpm_winnt:notice] [pid 10764:tid 740] AH00364: Child: All worker threads have exited.
[Thu Oct 21 10:43:06.534306 2021] [core:warn] [pid 7064:tid 664] AH00098: pid file C:/dokuwiki/server/logs/httpd.pid overwritten -- Unclean shutdown of previous Apache run?
[Thu Oct 21 10:43:07.058352 2021] [mpm_winnt:notice] [pid 7064:tid 664] AH00455: Apache/2.4.46 (Win32) PHP/7.4.12 configured -- resuming normal operations
[Thu Oct 21 10:43:07.058352 2021] [mpm_winnt:notice] [pid 7064:tid 664] AH00456: Apache Lounge VS16 Server built: Oct  2 2020 10:45:47
[Thu Oct 21 10:43:07.058352 2021] [core:notice] [pid 7064:tid 664] AH00094: Command line: 'mapache.exe -d C:/dokuwiki/server'
[Thu Oct 21 10:43:07.058352 2021] [mpm_winnt:notice] [pid 7064:tid 664] AH00418: Parent: Created child process 2808
[Thu Oct 21 10:43:08.330899 2021] [mpm_winnt:notice] [pid 2808:tid 676] AH00354: Child: Starting 24 worker threads.
[Thu Oct 21 18:47:18.223599 2021] [core:warn] [pid 4116:tid 624] AH00098: pid file C:/dokuwiki/server/logs/httpd.pid overwritten -- Unclean shutdown of previous Apache run?
[Thu Oct 21 18:47:18.687233 2021] [mpm_winnt:notice] [pid 4116:tid 624] AH00455: Apache/2.4.46 (Win32) PHP/7.4.12 configured -- resuming normal operations
[Thu Oct 21 18:47:18.687233 2021] [mpm_winnt:notice] [pid 4116:tid 624] AH00456: Apache Lounge VS16 Server built: Oct  2 2020 10:45:47
[Thu Oct 21 18:47:18.687233 2021] [core:notice] [pid 4116:tid 624] AH00094: Command line: 'mapache.exe -d C:/dokuwiki/server'
[Thu Oct 21 18:47:18.687233 2021] [mpm_winnt:notice] [pid 4116:tid 624] AH00418: Parent: Created child process 2456
[Thu Oct 21 18:47:19.705860 2021] [mpm_winnt:notice] [pid 2456:tid 532] AH00354: Child: Starting 24 worker threads.
[Thu Oct 21 19:12:34.308686 2021] [authz_core:error] [pid 2456:tid 864] [client 127.0.0.1:52011] AH01630: client denied by server configuration: C:/dokuwiki/dokuwiki/data/dont-panic-if-you-see-this-in-your-logs-it-means-your-directory-permissions-are-correct.png, referer: http://localhost:8800/doku.php?id=tina4:htaccess&do=admin
[Thu Oct 21 19:12:34.340688 2021] [authz_core:error] [pid 2456:tid 856] [client 127.0.0.1:52014] AH01630: client denied by server configuration: C:/dokuwiki/dokuwiki/data/dont-panic-if-you-see-this-in-your-logs-it-means-your-directory-permissions-are-correct.png, referer: http://localhost:8800/doku.php?id=tina4:htaccess&do=admin
[Thu Oct 21 19:25:04.188222 2021] [authz_core:error] [pid 2456:tid 872] [client 127.0.0.1:52193] AH01630: client denied by server configuration: C:/dokuwiki/dokuwiki/data/dont-panic-if-you-see-this-in-your-logs-it-means-your-directory-permissions-are-correct.png, referer: http://localhost:8800/doku.php?id=tina4:htaccess&do=admin
